Array
(
    [user_name] => lakshmi
    [is_for_self] => self
    [person_name] => 
    [relation] => 
    [dob] => 
    [period_start_date] => 2024-01-09
    [period_end_date] => 2024-01-11
    [mood] => happy
    [mood_intensity] => 5
    [last_period_1_start_date] => 2024-07-05
    [last_period_1_end_date] => 2024-07-11
    [last_period_1_feeling] => 
    [last_period_2_start_date] => 
    [last_period_2_end_date] => 
    [last_period_2_feeling] => 
    [last_period_3_start_date] => 
    [last_period_3_end_date] => 
    [last_period_3_feeling] => 
)
Array
(
    [user_name] => lakshmi
    [is_for_self] => self
    [person_name] => 
    [relation] => 
    [dob] => 
    [period_start_date] => 2024-04-09
    [period_end_date] => 2024-04-18
    [mood] => anxious
    [mood_intensity] => 6
    [last_period_1_start_date] => 2024-05-16
    [last_period_1_end_date] => 2024-05-20
    [last_period_1_feeling] => 
    [last_period_2_start_date] => 
    [last_period_2_end_date] => 
    [last_period_2_feeling] => 
    [last_period_3_start_date] => 
    [last_period_3_end_date] => 
    [last_period_3_feeling] => 
)
Array
(
    [user_name] => lakshmi
    [is_for_self] => self
    [person_name] => 
    [relation] => 
    [dob] => 
    [period_start_date] => 2024-01-16
    [period_end_date] => 2024-01-17
    [mood] => anxious
    [mood_intensity] => 10
    [last_period_1_start_date] => 2024-05-21
    [last_period_1_end_date] => 2024-05-30
    [last_period_1_feeling] => 
    [last_period_2_start_date] => 
    [last_period_2_end_date] => 
    [last_period_2_feeling] => 
    [last_period_3_start_date] => 
    [last_period_3_end_date] => 
    [last_period_3_feeling] => 
)
Array
(
    [user_name] => lakshmi
    [is_for_self] => someone_else
    [person_name] => langda majnu
    [relation] => daughter in law
    [dob] => 2022-03-10
    [period_start_date] => 2023-03-12
    [period_end_date] => 2023-03-27
    [mood] => happy
    [mood_intensity] => 6
    [last_period_1_start_date] => 2024-07-03
    [last_period_1_end_date] => 2024-07-20
    [last_period_1_feeling] => 
    [last_period_2_start_date] => 
    [last_period_2_end_date] => 
    [last_period_2_feeling] => 
    [last_period_3_start_date] => 
    [last_period_3_end_date] => 
    [last_period_3_feeling] => 
)
